<?xml version="1.0" encoding="UTF-8"?>
<!-- Generated by org.testng.reporters.JUnitXMLReporter -->
<testsuite ignored="0" hostname="DESKTOP-3RHQS1L" failures="0" tests="4" name="TestRunnerEdge" time="80.562" errors="0" timestamp="2024-05-10T11:17:38 IST">
  <testcase classname="practiceCrossBrowserTesting.BaseClass_CBT" name="@AfterMethod ConfigAM" time="41.667">
    <failure type="org.openqa.selenium.NoSuchElementException" message="Unable to locate element: Sign Out
For documentation on this error, please visit: https://www.selenium.dev/documentation/webdriver/troubleshooting/errors#no-such-element-exception
Build info: version: &amp;apos;4.13.0&amp;apos;, revision: &amp;apos;ba948ece5b*&amp;apos;
System info: os.name: &amp;apos;Windows 11&amp;apos;, os.arch: &amp;apos;amd64&amp;apos;, os.version: &amp;apos;10.0&amp;apos;, java.version: &amp;apos;17.0.9&amp;apos;
Driver info: org.openqa.selenium.firefox.FirefoxDriver
Command: [57d9219c-8bb5-4e53-ab03-a1ee4d7ddf7b, findElement {using=link text, value=Sign Out}]
Capabilities {acceptInsecureCerts: true, browserName: firefox, browserVersion: 125.0.2, moz:accessibilityChecks: false, moz:buildID: 20240419144423, moz:debuggerAddress: 127.0.0.1:19415, moz:geckodriverVersion: 0.34.0, moz:headless: false, moz:platformVersion: 10.0, moz:processID: 18428, moz:profile: C:\Users\SHINYI~1\AppData\L..., moz:shutdownTimeout: 60000, moz:webdriverClick: true, moz:windowless: false, pageLoadStrategy: normal, platformName: windows, proxy: Proxy(), se:cdp: ws://127.0.0.1:19415/devtoo..., se:cdpVersion: 85.0, setWindowRect: true, strictFileInteractability: false, timeouts: {implicit: 0, pageLoad: 300000, script: 30000}, unhandledPromptBehavior: dismiss and notify, userAgent: Mozilla/5.0 (Windows NT 10....}
Session ID: 57d9219c-8bb5-4e53-ab03-a1ee4d7ddf7b">
      <![CDATA[org.openqa.selenium.NoSuchElementException: Unable to locate element: Sign Out
For documentation on this error, please visit: https://www.selenium.dev/documentation/webdriver/troubleshooting/errors#no-such-element-exception
Build info: version: '4.13.0', revision: 'ba948ece5b*'
System info: os.name: 'Windows 11', os.arch: 'amd64', os.version: '10.0', java.version: '17.0.9'
Driver info: org.openqa.selenium.firefox.FirefoxDriver
Command: [57d9219c-8bb5-4e53-ab03-a1ee4d7ddf7b, findElement {using=link text, value=Sign Out}]
Capabilities {acceptInsecureCerts: true, browserName: firefox, browserVersion: 125.0.2, moz:accessibilityChecks: false, moz:buildID: 20240419144423, moz:debuggerAddress: 127.0.0.1:19415, moz:geckodriverVersion: 0.34.0, moz:headless: false, moz:platformVersion: 10.0, moz:processID: 18428, moz:profile: C:\Users\SHINYI~1\AppData\L..., moz:shutdownTimeout: 60000, moz:webdriverClick: true, moz:windowless: false, pageLoadStrategy: normal, platformName: windows, proxy: Proxy(), se:cdp: ws://127.0.0.1:19415/devtoo..., se:cdpVersion: 85.0, setWindowRect: true, strictFileInteractability: false, timeouts: {implicit: 0, pageLoad: 300000, script: 30000}, unhandledPromptBehavior: dismiss and notify, userAgent: Mozilla/5.0 (Windows NT 10....}
Session ID: 57d9219c-8bb5-4e53-ab03-a1ee4d7ddf7b
at org.openqa.selenium.remote.codec.w3c.W3CHttpResponseCodec.createException(W3CHttpResponseCodec.java:200)
at org.openqa.selenium.remote.codec.w3c.W3CHttpResponseCodec.decode(W3CHttpResponseCodec.java:133)
at org.openqa.selenium.remote.codec.w3c.W3CHttpResponseCodec.decode(W3CHttpResponseCodec.java:52)
at org.openqa.selenium.remote.HttpCommandExecutor.execute(HttpCommandExecutor.java:191)
at org.openqa.selenium.remote.service.DriverCommandExecutor.invokeExecute(DriverCommandExecutor.java:196)
at org.openqa.selenium.remote.service.DriverCommandExecutor.execute(DriverCommandExecutor.java:171)
at org.openqa.selenium.remote.RemoteWebDriver.execute(RemoteWebDriver.java:602)
at org.openqa.selenium.remote.ElementLocation$ElementFinder$2.findElement(ElementLocation.java:165)
at org.openqa.selenium.remote.ElementLocation.findElement(ElementLocation.java:59)
at org.openqa.selenium.remote.RemoteWebDriver.findElement(RemoteWebDriver.java:359)
at org.openqa.selenium.remote.RemoteWebDriver.findElement(RemoteWebDriver.java:353)
at org.openqa.selenium.support.pagefactory.DefaultElementLocator.findElement(DefaultElementLocator.java:68)
at org.openqa.selenium.support.pagefactory.internal.LocatingElementHandler.invoke(LocatingElementHandler.java:38)
at jdk.proxy2/jdk.proxy2.$Proxy21.click(Unknown Source)
at com.comcast.crm.Business.ObjectRepositoryUtility.HomePage.signOutOfApplication(HomePage.java:86)
at practiceCrossBrowserTesting.BaseClass_CBT.ConfigAM(BaseClass_CBT.java:72)
at java.base/java.util.ArrayList.forEach(ArrayList.java:1511)
at java.base/java.util.concurrent.FutureTask.run(FutureTask.java:264)
at java.base/java.util.concurrent.ThreadPoolExecutor.runWorker(ThreadPoolExecutor.java:1136)
at java.base/java.util.concurrent.ThreadPoolExecutor$Worker.run(ThreadPoolExecutor.java:635)
at java.base/java.lang.Thread.run(Thread.java:840)
... Removed 27 stack frames]]>
    </failure>
  </testcase> <!-- @AfterMethod ConfigAM -->
  <testcase classname="practiceCrossBrowserTesting.BaseClass_CBT" name="@BeforeMethod ConfigBM" time="0.0">
    <skipped/>
  </testcase> <!-- @BeforeMethod ConfigBM -->
  <testcase classname="practiceCrossBrowserTesting.BaseClass_CBT" name="@AfterMethod ConfigAM" time="0.0">
    <skipped/>
  </testcase> <!-- @AfterMethod ConfigAM -->
  <testcase classname="practiceCrossBrowserTesting.BaseClass_CBT" name="@BeforeMethod ConfigBM" time="0.0">
    <skipped/>
  </testcase> <!-- @BeforeMethod ConfigBM -->
  <testcase classname="practiceCrossBrowserTesting.BaseClass_CBT" name="@AfterMethod ConfigAM" time="0.0">
    <skipped/>
  </testcase> <!-- @AfterMethod ConfigAM -->
  <testcase classname="practiceCrossBrowserTesting.BaseClass_CBT" name="@AfterClass ConfigAC" time="0.0">
    <skipped/>
  </testcase> <!-- @AfterClass ConfigAC -->
  <testcase classname="practiceCrossBrowserTesting.CreateOrganizationCBTDemo" name="CreateAnddelOrgTest" time="16.48"/>
  <testcase classname="practiceCrossBrowserTesting.CreateOrganizationCBTDemo" name="createOrgTest" time="10.724"/>
  <testcase classname="practiceCrossBrowserTesting.CreateOrganizationCBTDemo" name="createOrgWithIndTest" time="11.423"/>
  <testcase classname="practiceCrossBrowserTesting.CreateOrganizationCBTDemo" name="createOrgWithPhNoTest" time="12.552"/>
</testsuite> <!-- TestRunnerEdge -->
